<?xml version="1.0" encoding="UTF-8"?>
<!-- Generated by org.testng.reporters.JUnitReportReporter -->
<testsuite hostname="DESKTOP-MC7UQM0" failures="0" tests="2" name="com.org.ss.virujh.DocHospitalSettingstest" time="11.030" errors="0" timestamp="2021-12-14T17:41:23 IST" skipped="0">
  <testcase classname="com.org.ss.virujh.DocHospitalSettingstest" name="Login" time="4.546"/>
  <system-out/>
  <testcase classname="com.org.ss.virujh.DocHospitalSettingstest" name="HospitalSettings" time="6.484"/>
  <system-out/>
</testsuite> <!-- com.org.ss.virujh.DocHospitalSettingstest -->
