<?xml version="1.0" encoding="UTF-8"?>
<!-- Generated by org.testng.reporters.JUnitReportReporter -->
<testsuite hostname="DESKTOP-MC7UQM0" failures="0" tests="7" name="com.org.ss.virujh.DoctorChangePasswordtest" time="27.252" errors="0" timestamp="2021-12-16T14:29:09 IST" skipped="0">
  <testcase classname="com.org.ss.virujh.DoctorChangePasswordtest" name="WithoutData" time="3.629"/>
  <system-out/>
  <testcase classname="com.org.ss.virujh.DoctorChangePasswordtest" name="InvalidNewPassword" time="3.611"/>
  <system-out/>
  <testcase classname="com.org.ss.virujh.DoctorChangePasswordtest" name="InvalidconfirmPassword" time="3.621"/>
  <system-out/>
  <testcase classname="com.org.ss.virujh.DoctorChangePasswordtest" name="MaxLengthPassword" time="3.587"/>
  <system-out/>
  <testcase classname="com.org.ss.virujh.DoctorChangePasswordtest" name="MinLengthPassword" time="3.594"/>
  <system-out/>
  <testcase classname="com.org.ss.virujh.DoctorChangePasswordtest" name="GivingCurrentpassToNewPass" time="3.555"/>
  <system-out/>
  <testcase classname="com.org.ss.virujh.DoctorChangePasswordtest" name="InvalidCurrentPassword" time="5.655"/>
  <system-out/>
</testsuite> <!-- com.org.ss.virujh.DoctorChangePasswordtest -->
