<?xml version="1.0" encoding="UTF-8"?>
<!-- Generated by org.testng.reporters.JUnitReportReporter -->
<testsuite hostname="DESKTOP-MC7UQM0" failures="0" tests="7" name="com.org.ss.virujh.PatientAmountCollectiontest" time="24.315" errors="0" timestamp="2021-12-13T14:32:59 IST" skipped="0">
  <testcase classname="com.org.ss.virujh.PatientAmountCollectiontest" name="Loginfn" time="5.598"/>
  <system-out/>
  <testcase classname="com.org.ss.virujh.PatientAmountCollectiontest" name="AmountCollection" time="0.267"/>
  <system-out/>
  <testcase classname="com.org.ss.virujh.PatientAmountCollectiontest" name="AmountReportPeriod" time="17.607"/>
  <system-out/>
  <testcase classname="com.org.ss.virujh.PatientAmountCollectiontest" name="SearchPatient" time="0.462"/>
  <system-out/>
  <testcase classname="com.org.ss.virujh.PatientAmountCollectiontest" name="PatientList" time="0.240"/>
  <system-out/>
  <testcase classname="com.org.ss.virujh.PatientAmountCollectiontest" name="AmountCalc" time="0.106"/>
  <system-out/>
  <testcase classname="com.org.ss.virujh.PatientAmountCollectiontest" name="ReportExport" time="0.035"/>
  <system-out/>
</testsuite> <!-- com.org.ss.virujh.PatientAmountCollectiontest -->
