<?xml version="1.0" encoding="UTF-8"?>
<!-- Generated by org.testng.reporters.JUnitReportReporter -->
<testsuite skipped="0" hostname="DESKTOP-MC7UQM0" name="com.org.ss.virujh.PatientSignuptest" tests="22" failures="0" timestamp="2021-11-29T20:26:57 IST" time="35.110" errors="0">
  <testcase name="negativeEntry" time="4.986" classname="com.org.ss.virujh.PatientSignuptest"/>
  <system-out/>
  <testcase name="emptyFields" time="0.214" classname="com.org.ss.virujh.PatientSignuptest"/>
  <system-out/>
  <testcase name="clearingEnteredFields" time="5.535" classname="com.org.ss.virujh.PatientSignuptest"/>
  <system-out/>
  <testcase name="signUpbt" time="5.416" classname="com.org.ss.virujh.PatientSignuptest"/>
  <system-out/>
  <testcase name="patientSignup" time="3.086" classname="com.org.ss.virujh.PatientSignuptest"/>
  <system-out/>
  <testcase name="patprefi" time="3.163" classname="com.org.ss.virujh.PatientSignuptest"/>
  <system-out/>
  <testcase name="patiGender" time="3.342" classname="com.org.ss.virujh.PatientSignuptest"/>
  <system-out/>
  <testcase name="patFirstLastname" time="0.200" classname="com.org.ss.virujh.PatientSignuptest"/>
  <system-out/>
  <testcase name="contaltrcontnumber" time="0.113" classname="com.org.ss.virujh.PatientSignuptest"/>
  <system-out/>
  <testcase name="patiemail" time="0.075" classname="com.org.ss.virujh.PatientSignuptest"/>
  <system-out/>
  <testcase name="patieDateofBirth" time="3.985" classname="com.org.ss.virujh.PatientSignuptest"/>
  <system-out/>
  <testcase name="patientAge" time="0.019" classname="com.org.ss.virujh.PatientSignuptest"/>
  <system-out/>
  <testcase name="patientAdd" time="0.116" classname="com.org.ss.virujh.PatientSignuptest"/>
  <system-out/>
  <testcase name="patientCity" time="0.079" classname="com.org.ss.virujh.PatientSignuptest"/>
  <system-out/>
  <testcase name="patientState" time="0.083" classname="com.org.ss.virujh.PatientSignuptest"/>
  <system-out/>
  <testcase name="patientCountry" time="0.062" classname="com.org.ss.virujh.PatientSignuptest"/>
  <system-out/>
  <testcase name="patientPincode" time="0.061" classname="com.org.ss.virujh.PatientSignuptest"/>
  <system-out/>
  <testcase name="patientPassword" time="0.107" classname="com.org.ss.virujh.PatientSignuptest"/>
  <system-out/>
  <testcase name="passwordshow" time="0.048" classname="com.org.ss.virujh.PatientSignuptest"/>
  <system-out/>
  <testcase name="patientConfrmpass" time="0.067" classname="com.org.ss.virujh.PatientSignuptest"/>
  <system-out/>
  <testcase name="cpnfrmPassshow" time="0.056" classname="com.org.ss.virujh.PatientSignuptest"/>
  <system-out/>
  <testcase name="submitBtn" time="4.297" classname="com.org.ss.virujh.PatientSignuptest"/>
  <system-out/>
</testsuite> <!-- com.org.ss.virujh.PatientSignuptest -->
