<?xml version="1.0" encoding="UTF-8"?>
<!-- Generated by org.testng.reporters.JUnitReportReporter -->
<testsuite hostname="DESKTOP-MC7UQM0" failures="0" tests="1" name="com.org.ss.virujh.Loginpagetest" time="8.821" errors="0" timestamp="2021-12-04T23:26:53 IST" skipped="0">
  <testcase classname="com.org.ss.virujh.Loginpagetest" name="AppStore" time="8.821"/>
  <system-out/>
</testsuite> <!-- com.org.ss.virujh.Loginpagetest -->
