<?xml version="1.0" encoding="UTF-8"?>
<!-- Generated by org.testng.reporters.JUnitReportReporter -->
<testsuite hostname="DESKTOP-MC7UQM0" failures="0" tests="3" name="com.org.ss.virujh.DoctorPersonalSettingstest" time="79.835" errors="0" timestamp="2021-12-10T20:31:41 IST" skipped="0">
  <testcase classname="com.org.ss.virujh.DoctorPersonalSettingstest" name="login" time="6.056"/>
  <system-out/>
  <testcase classname="com.org.ss.virujh.DoctorPersonalSettingstest" name="settings" time="0.379"/>
  <system-out/>
  <testcase classname="com.org.ss.virujh.DoctorPersonalSettingstest" name="doctorPersonalsettings" time="73.400"/>
  <system-out/>
</testsuite> <!-- com.org.ss.virujh.DoctorPersonalSettingstest -->
