<?xml version="1.0" encoding="UTF-8"?>
<!-- Generated by org.testng.reporters.JUnitReportReporter -->
<testsuite hostname="DESKTOP-MC7UQM0" failures="0" tests="6" name="com.org.ss.virujh.DoctorLoginfntest" time="7.853" errors="0" timestamp="2021-12-06T18:55:00 IST" skipped="0">
  <testcase classname="com.org.ss.virujh.DoctorLoginfntest" name="login" time="3.423"/>
  <system-out/>
  <testcase classname="com.org.ss.virujh.DoctorLoginfntest" name="signinwithoutdata" time="0.086"/>
  <system-out/>
  <testcase classname="com.org.ss.virujh.DoctorLoginfntest" name="signinwithoutpasswrd" time="3.181"/>
  <system-out/>
  <testcase classname="com.org.ss.virujh.DoctorLoginfntest" name="signinwithoutmail" time="0.236"/>
  <system-out/>
  <testcase classname="com.org.ss.virujh.DoctorLoginfntest" name="signinInvalidpasswrd" time="0.579"/>
  <system-out/>
  <testcase classname="com.org.ss.virujh.DoctorLoginfntest" name="siginInvalidmail" time="0.348"/>
  <system-out/>
</testsuite> <!-- com.org.ss.virujh.DoctorLoginfntest -->
