<?xml version="1.0" encoding="UTF-8"?>
<!-- Generated by org.testng.reporters.JUnitReportReporter -->
<testsuite hostname="DESKTOP-MC7UQM0" failures="0" tests="7" name="com.org.ss.virujh.PatientListinDoctoracctest" time="21.096" errors="0" timestamp="2021-12-03T16:26:02 IST" skipped="0">
  <testcase classname="com.org.ss.virujh.PatientListinDoctoracctest" name="doclogin" time="5.781"/>
  <system-out/>
  <testcase classname="com.org.ss.virujh.PatientListinDoctoracctest" name="patientLists" time="0.559"/>
  <system-out/>
  <testcase classname="com.org.ss.virujh.PatientListinDoctoracctest" name="patientSearch" time="3.072"/>
  <system-out/>
  <testcase classname="com.org.ss.virujh.PatientListinDoctoracctest" name="patientDetailView" time="6.306"/>
  <system-out/>
  <testcase classname="com.org.ss.virujh.PatientListinDoctoracctest" name="upcomingBooking" time="2.062"/>
  <system-out/>
  <testcase classname="com.org.ss.virujh.PatientListinDoctoracctest" name="pastBooking" time="3.190"/>
  <system-out/>
  <testcase classname="com.org.ss.virujh.PatientListinDoctoracctest" name="videocallfn" time="0.126"/>
  <system-out/>
</testsuite> <!-- com.org.ss.virujh.PatientListinDoctoracctest -->
