<?xml version="1.0" encoding="UTF-8"?>
<!-- Generated by org.testng.reporters.JUnitReportReporter -->
<testsuite hostname="DESKTOP-MC7UQM0" failures="0" tests="7" name="com.org.ss.virujh.DoctorLogintest" time="18.132" errors="0" timestamp="2021-12-13T15:18:47 IST" skipped="0">
  <testcase classname="com.org.ss.virujh.DoctorLogintest" name="login" time="10.877"/>
  <system-out/>
  <testcase classname="com.org.ss.virujh.DoctorLogintest" name="signinwithoutdata" time="0.091"/>
  <system-out/>
  <testcase classname="com.org.ss.virujh.DoctorLogintest" name="signinwithoutpasswrd" time="3.177"/>
  <system-out/>
  <testcase classname="com.org.ss.virujh.DoctorLogintest" name="signinwithoutmail" time="0.444"/>
  <system-out/>
  <testcase classname="com.org.ss.virujh.DoctorLogintest" name="signinInvalidpasswrd" time="0.715"/>
  <system-out/>
  <testcase classname="com.org.ss.virujh.DoctorLogintest" name="siginInvalidmail" time="0.404"/>
  <system-out/>
  <testcase classname="com.org.ss.virujh.DoctorLogintest" name="signIn" time="2.424"/>
  <system-out/>
</testsuite> <!-- com.org.ss.virujh.DoctorLogintest -->
