<?xml version="1.0" encoding="UTF-8"?>
<!-- Generated by org.testng.reporters.JUnitReportReporter -->
<testsuite hostname="DESKTOP-MC7UQM0" failures="0" tests="1" name="com.org.ss.virujh.StaticPagestest" time="10.387" errors="0" timestamp="2021-12-17T23:09:05 IST" skipped="0">
  <testcase classname="com.org.ss.virujh.StaticPagestest" name="TestCase1" time="10.387"/>
  <system-out/>
</testsuite> <!-- com.org.ss.virujh.StaticPagestest -->
