<?xml version="1.0" encoding="UTF-8"?>
<!-- Generated by org.testng.reporters.JUnitReportReporter -->
<testsuite hostname="DESKTOP-MC7UQM0" failures="0" tests="7" name="com.org.ss.virujh.AttenderJoinMeetingtest" time="27.845" errors="0" timestamp="2021-12-17T20:41:56 IST" skipped="0">
  <testcase classname="com.org.ss.virujh.AttenderJoinMeetingtest" name="WithoutData" time="0.098"/>
  <system-out/>
  <testcase classname="com.org.ss.virujh.AttenderJoinMeetingtest" name="WithoutMeetingID" time="3.141"/>
  <system-out/>
  <testcase classname="com.org.ss.virujh.AttenderJoinMeetingtest" name="WithoutPasscode" time="3.150"/>
  <system-out/>
  <testcase classname="com.org.ss.virujh.AttenderJoinMeetingtest" name="ValidMeetingIdInvalidPasscode" time="5.420"/>
  <system-out/>
  <testcase classname="com.org.ss.virujh.AttenderJoinMeetingtest" name="InvalidMeetingIdValidPasscode" time="5.334"/>
  <system-out/>
  <testcase classname="com.org.ss.virujh.AttenderJoinMeetingtest" name="InvaliMeetingIdInvalidPasscode" time="5.299"/>
  <system-out/>
  <testcase classname="com.org.ss.virujh.AttenderJoinMeetingtest" name="ValidMeetingIdValidPasscode" time="5.403"/>
  <system-out/>
</testsuite> <!-- com.org.ss.virujh.AttenderJoinMeetingtest -->
