<?xml version="1.0" encoding="UTF-8"?>
<!-- Generated by org.testng.reporters.JUnitReportReporter -->
<testsuite hostname="DESKTOP-MC7UQM0" failures="0" tests="7" name="com.org.ss.virujh.PatientListinDoctoracctest" time="31.744" errors="0" timestamp="2021-12-01T23:28:44 IST" skipped="0">
  <testcase classname="com.org.ss.virujh.PatientListinDoctoracctest" name="doclogin" time="5.452"/>
  <system-out/>
  <testcase classname="com.org.ss.virujh.PatientListinDoctoracctest" name="patientLists" time="0.558"/>
  <system-out/>
  <testcase classname="com.org.ss.virujh.PatientListinDoctoracctest" name="patientSearch" time="3.072"/>
  <system-out/>
  <testcase classname="com.org.ss.virujh.PatientListinDoctoracctest" name="patientDetailView" time="6.306"/>
  <system-out/>
  <testcase classname="com.org.ss.virujh.PatientListinDoctoracctest" name="upcomingBooking" time="13.058"/>
  <system-out/>
  <testcase classname="com.org.ss.virujh.PatientListinDoctoracctest" name="pastBooking" time="3.173"/>
  <system-out/>
  <testcase classname="com.org.ss.virujh.PatientListinDoctoracctest" name="videocallfn" time="0.125"/>
  <system-out/>
</testsuite> <!-- com.org.ss.virujh.PatientListinDoctoracctest -->
