<?xml version="1.0" encoding="UTF-8"?>
<!-- Generated by org.testng.reporters.JUnitReportReporter -->
<testsuite hostname="DESKTOP-MC7UQM0" failures="0" tests="7" name="com.org.ss.virujh.DoctorLoginfntest" time="10.418" errors="0" timestamp="2021-12-02T18:39:01 IST" skipped="0">
  <testcase classname="com.org.ss.virujh.DoctorLoginfntest" name="login" time="3.684"/>
  <system-out/>
  <testcase classname="com.org.ss.virujh.DoctorLoginfntest" name="signinwithoutdata" time="0.094"/>
  <system-out/>
  <testcase classname="com.org.ss.virujh.DoctorLoginfntest" name="signinwithoutpasswrd" time="3.183"/>
  <system-out/>
  <testcase classname="com.org.ss.virujh.DoctorLoginfntest" name="signinwithoutmail" time="0.245"/>
  <system-out/>
  <testcase classname="com.org.ss.virujh.DoctorLoginfntest" name="signinInvalidpasswrd" time="0.439"/>
  <system-out/>
  <testcase classname="com.org.ss.virujh.DoctorLoginfntest" name="siginInvalidmail" time="0.390"/>
  <system-out/>
  <testcase classname="com.org.ss.virujh.DoctorLoginfntest" name="signIn" time="2.383"/>
  <system-out/>
</testsuite> <!-- com.org.ss.virujh.DoctorLoginfntest -->
