<?xml version="1.0" encoding="UTF-8"?>
<!-- Generated by org.testng.reporters.JUnitReportReporter -->
<testsuite hostname="DESKTOP-MC7UQM0" failures="0" tests="3" name="com.org.ss.virujh.PatientVideoConsultationtest" time="0.000" errors="0" timestamp="2022-10-17T22:12:19 IST" skipped="3">
  <testcase classname="com.org.ss.virujh.PatientVideoConsultationtest" name="Patient_SignIn" time="0.000">
    <skipped/>
  </testcase> <!-- Patient_SignIn -->
  <system-out/>
  <testcase classname="com.org.ss.virujh.PatientVideoConsultationtest" name="Patient_Upcoming_appoinments" time="0.000">
    <skipped/>
  </testcase> <!-- Patient_Upcoming_appoinments -->
  <system-out/>
  <testcase classname="com.org.ss.virujh.PatientVideoConsultationtest" name="Prescription_Validation" time="0.000">
    <skipped/>
  </testcase> <!-- Prescription_Validation -->
  <system-out/>
</testsuite> <!-- com.org.ss.virujh.PatientVideoConsultationtest -->
