<?xml version="1.0" encoding="UTF-8"?>
<!-- Generated by org.testng.reporters.JUnitReportReporter -->
<testsuite skipped="0" hostname="DESKTOP-MC7UQM0" name="com.org.ss.virujh.PatientLoginpagetest" tests="6" failures="0" timestamp="2021-11-29T20:51:23 IST" time="43.705" errors="0">
  <testcase name="PaymentDetails" time="12.058" classname="com.org.ss.virujh.PatientLoginpagetest"/>
  <system-out/>
  <testcase name="Patientlogin" time="9.348" classname="com.org.ss.virujh.PatientLoginpagetest"/>
  <system-out/>
  <testcase name="login" time="9.652" classname="com.org.ss.virujh.PatientLoginpagetest"/>
  <system-out/>
  <testcase name="Emptyfields" time="0.126" classname="com.org.ss.virujh.PatientLoginpagetest"/>
  <system-out/>
  <testcase name="FindDoctor" time="6.291" classname="com.org.ss.virujh.PatientLoginpagetest"/>
  <system-out/>
  <testcase name="BookingDateSelect" time="6.230" classname="com.org.ss.virujh.PatientLoginpagetest"/>
  <system-out/>
</testsuite> <!-- com.org.ss.virujh.PatientLoginpagetest -->
