<?xml version="1.0" encoding="UTF-8"?>
<!-- Generated by org.testng.reporters.JUnitReportReporter -->
<testsuite hostname="DESKTOP-MC7UQM0" failures="0" tests="8" name="com.org.ss.virujh.PatientSettingstest" time="87.266" errors="0" timestamp="2021-11-30T19:20:11 IST" skipped="0">
  <testcase classname="com.org.ss.virujh.PatientSettingstest" name="patientsignin" time="5.300"/>
  <system-out/>
  <testcase classname="com.org.ss.virujh.PatientSettingstest" name="patientsettingspage" time="4.052"/>
  <system-out/>
  <testcase classname="com.org.ss.virujh.PatientSettingstest" name="ImageUpload" time="4.587"/>
  <system-out/>
  <testcase classname="com.org.ss.virujh.PatientSettingstest" name="SettingsFields" time="44.694"/>
  <system-out/>
  <testcase classname="com.org.ss.virujh.PatientSettingstest" name="ReportUpload" time="13.827"/>
  <system-out/>
  <testcase classname="com.org.ss.virujh.PatientSettingstest" name="SearchDocument" time="6.229"/>
  <system-out/>
  <testcase classname="com.org.ss.virujh.PatientSettingstest" name="DownloadDocument" time="0.050"/>
  <system-out/>
  <testcase classname="com.org.ss.virujh.PatientSettingstest" name="Reports" time="8.527"/>
  <system-out/>
</testsuite> <!-- com.org.ss.virujh.PatientSettingstest -->
