<?xml version="1.0" encoding="UTF-8"?>
<!-- Generated by org.testng.reporters.JUnitReportReporter -->
<testsuite hostname="DESKTOP-MC7UQM0" failures="0" tests="1" name="com.org.ss.virujh.VideoCalltest" time="36.960" errors="0" timestamp="2021-12-29T13:42:42 IST" skipped="0">
  <testcase classname="com.org.ss.virujh.VideoCalltest" name="Doctor_SignIn" time="36.960"/>
  <system-out/>
</testsuite> <!-- com.org.ss.virujh.VideoCalltest -->
