<?xml version="1.0" encoding="UTF-8"?>
<!-- Generated by org.testng.reporters.JUnitReportReporter -->
<testsuite hostname="DESKTOP-MC7UQM0" failures="0" tests="3" name="com.org.ss.virujh.DoctorHolidaytest" time="32.720" errors="0" timestamp="2021-12-27T13:52:40 IST" skipped="0">
  <testcase classname="com.org.ss.virujh.DoctorHolidaytest" name="Doctor_Signin" time="5.322"/>
  <system-out/>
  <testcase classname="com.org.ss.virujh.DoctorHolidaytest" name="Work_Schedule" time="0.324"/>
  <system-out/>
  <testcase classname="com.org.ss.virujh.DoctorHolidaytest" name="delete_by_vacation" time="27.074"/>
  <system-out/>
</testsuite> <!-- com.org.ss.virujh.DoctorHolidaytest -->
