<?xml version="1.0" encoding="UTF-8"?>
<!-- Generated by org.testng.reporters.JUnitReportReporter -->
<testsuite hostname="DESKTOP-MC7UQM0" failures="0" tests="2" name="com.org.ss.virujh.PatientChangePasswordtest" time="15.477" errors="0" timestamp="2021-12-01T14:45:10 IST" skipped="0">
  <testcase classname="com.org.ss.virujh.PatientChangePasswordtest" name="Login" time="8.000"/>
  <system-out/>
  <testcase classname="com.org.ss.virujh.PatientChangePasswordtest" name="ChangePasswordfn" time="7.477"/>
  <system-out/>
</testsuite> <!-- com.org.ss.virujh.PatientChangePasswordtest -->
