<?xml version="1.0" encoding="UTF-8"?>
<!-- Generated by org.testng.reporters.JUnitReportReporter -->
<testsuite hostname="DESKTOP-MC7UQM0" failures="0" tests="4" name="com.org.ss.virujh.DoctorHolidayValidationtest" time="95.195" errors="0" timestamp="2021-12-27T17:50:38 IST" skipped="0">
  <testcase classname="com.org.ss.virujh.DoctorHolidayValidationtest" name="Login" time="7.381"/>
  <system-out/>
  <testcase classname="com.org.ss.virujh.DoctorHolidayValidationtest" name="Appoinment" time="0.322"/>
  <system-out/>
  <testcase classname="com.org.ss.virujh.DoctorHolidayValidationtest" name="Holiday_Btn" time="3.067"/>
  <system-out/>
  <testcase classname="com.org.ss.virujh.DoctorHolidayValidationtest" name="Holiday_List" time="84.425"/>
  <system-out/>
</testsuite> <!-- com.org.ss.virujh.DoctorHolidayValidationtest -->
