<?xml version="1.0" encoding="UTF-8"?>
<!-- Generated by org.testng.reporters.JUnitReportReporter -->
<testsuite hostname="DESKTOP-MC7UQM0" failures="0" tests="9" name="com.org.ss.virujh.DoctorSettingstest" time="53.976" errors="0" timestamp="2021-12-10T11:55:38 IST" skipped="0">
  <testcase classname="com.org.ss.virujh.DoctorSettingstest" name="DoctorLogin" time="5.583"/>
  <system-out/>
  <testcase classname="com.org.ss.virujh.DoctorSettingstest" name="Settingsmenu" time="4.095"/>
  <system-out/>
  <testcase classname="com.org.ss.virujh.DoctorSettingstest" name="Cancellation" time="4.490"/>
  <system-out/>
  <testcase classname="com.org.ss.virujh.DoctorSettingstest" name="WorkSchedules" time="3.289"/>
  <system-out/>
  <testcase classname="com.org.ss.virujh.DoctorSettingstest" name="InTime" time="6.620"/>
  <system-out/>
  <testcase classname="com.org.ss.virujh.DoctorSettingstest" name="LeaveTime" time="6.751"/>
  <system-out/>
  <testcase classname="com.org.ss.virujh.DoctorSettingstest" name="NewInterval" time="13.336"/>
  <system-out/>
  <testcase classname="com.org.ss.virujh.DoctorSettingstest" name="Apply" time="3.468"/>
  <system-out/>
  <testcase classname="com.org.ss.virujh.DoctorSettingstest" name="DeleteInterval" time="6.344"/>
  <system-out/>
</testsuite> <!-- com.org.ss.virujh.DoctorSettingstest -->
